2019-02-22 12:09:00,049 WARN  [main] org.flywaydb.core.Flyway - Direct configuration of the Flyway object has been deprecated and will be removed in Flyway 6.0. Use Flyway.configure() instead.
2019-02-22 12:09:14,835 WARN  [main] org.flywaydb.core.Flyway - Direct configuration of the Flyway object has been deprecated and will be removed in Flyway 6.0. Use Flyway.configure() instead.
2019-02-22 12:09:14,840 INFO  [main] org.flywaydb.core.internal.license.VersionPrinter - Flyway Community Edition 5.2.4 by Boxfuse
2019-02-22 12:09:14,924 INFO  [main] org.flywaydb.core.internal.database.DatabaseFactory - Database: jdbc:postgresql://localhost:55406/template1 (PostgreSQL 10.6)
2019-02-22 12:09:14,924 DEBUG [main] org.flywaydb.core.internal.database.DatabaseFactory - Driver  : PostgreSQL JDBC Driver 42.2.5
2019-02-22 12:09:14,930 DEBUG [main] org.flywaydb.core.Flyway - DDL Transactions Supported: true
2019-02-22 12:09:14,935 DEBUG [main] org.flywaydb.core.Flyway - Schema: public
2019-02-22 12:09:14,939 DEBUG [main] org.flywaydb.core.internal.scanner.classpath.ClassPathScanner - Scanning for classpath resources at 'classpath:db/migration' ...
2019-02-22 12:09:14,939 DEBUG [main] org.flywaydb.core.internal.scanner.classpath.ClassPathScanner - Determining location urls for classpath:db/migration using ClassLoader jdk.internal.loader.ClassLoaders$AppClassLoader@6ed3ef1 ...
2019-02-22 12:09:14,939 DEBUG [main] org.flywaydb.core.internal.scanner.classpath.ClassPathScanner - Scanning URL: file:/C:/Users/Valiantsin_Danilau/IdeaProjects/Task1/target/classes/db/migration
2019-02-22 12:09:14,939 DEBUG [main] org.flywaydb.core.internal.util.FeatureDetector - JBoss VFS v2 available: false
2019-02-22 12:09:14,941 DEBUG [main] org.flywaydb.core.internal.scanner.classpath.FileSystemClassPathLocationScanner - Scanning starting at classpath root in filesystem: C:\Users\Valiantsin_Danilau\IdeaProjects\Task1\target\classes\
2019-02-22 12:09:14,941 DEBUG [main] org.flywaydb.core.internal.scanner.classpath.FileSystemClassPathLocationScanner - Scanning for resources in path: C:\Users\Valiantsin_Danilau\IdeaProjects\Task1\target\classes\db\migration (db/migration)
2019-02-22 12:09:14,942 DEBUG [main] org.flywaydb.core.internal.scanner.classpath.ClassPathScanner - Found resource: db/migration/V1_1__init_data.sql
2019-02-22 12:09:14,942 DEBUG [main] org.flywaydb.core.internal.scanner.classpath.ClassPathScanner - Found resource: db/migration/V1__init_schema.sql
2019-02-22 12:09:14,942 DEBUG [main] org.flywaydb.core.internal.scanner.classpath.ClassPathScanner - Scanning for classes at classpath:db/migration
2019-02-22 12:09:14,945 DEBUG [main] org.flywaydb.core.internal.callback.SqlScriptCallbackFactory - Scanning for SQL callbacks ...
2019-02-22 12:09:14,950 DEBUG [main] org.flywaydb.core.internal.util.FeatureDetector - Spring Jdbc available: true
2019-02-22 12:09:14,964 DEBUG [main] org.flywaydb.core.internal.command.DbValidate - Validating migrations ...
2019-02-22 12:09:14,969 DEBUG [main] org.flywaydb.core.internal.sqlscript.SqlScript - Parsing V1_1__init_data.sql ...
2019-02-22 12:09:14,972 DEBUG [main] org.flywaydb.core.internal.sqlscript.SqlScript - Found statement at line 1: INSERT INTO "user" (login, password)
VALUES ('user1', 'user1')
2019-02-22 12:09:14,973 DEBUG [main] org.flywaydb.core.internal.sqlscript.SqlScript - Found statement at line 3: INSERT INTO "user" (login, password)
VALUES ('user2', 'user2')
2019-02-22 12:09:14,973 DEBUG [main] org.flywaydb.core.internal.sqlscript.SqlScript - Found statement at line 5: INSERT INTO "user" (login, password)
VALUES ('user3', 'user3')
2019-02-22 12:09:14,974 DEBUG [main] org.flywaydb.core.internal.sqlscript.SqlScript - Found statement at line 7: INSERT INTO "user" (login, password)
VALUES ('user4', 'user4')
2019-02-22 12:09:14,974 DEBUG [main] org.flywaydb.core.internal.sqlscript.SqlScript - Found statement at line 10: INSERT INTO "country" (name)
VALUES ('testCountry')
2019-02-22 12:09:14,974 DEBUG [main] org.flywaydb.core.internal.sqlscript.SqlScript - Found statement at line 13: INSERT INTO "hotel" (name, stars, website, latitude, longitude, feature)
VALUES ('test1', 4, 'test1', 1, 1, 'security')
2019-02-22 12:09:14,975 DEBUG [main] org.flywaydb.core.internal.sqlscript.SqlScript - Found statement at line 15: INSERT INTO "hotel" (name, stars, website, latitude, longitude, feature)
VALUES ('test2', 4, 'test2', 1, 1, 'security')
2019-02-22 12:09:14,975 DEBUG [main] org.flywaydb.core.internal.sqlscript.SqlScript - Found statement at line 17: INSERT INTO "hotel" (name, stars, website, latitude, longitude, feature)
VALUES ('test3', 4, 'test3', 1, 1, 'security')
2019-02-22 12:09:14,975 DEBUG [main] org.flywaydb.core.internal.sqlscript.SqlScript - Found statement at line 19: INSERT INTO "hotel" (name, stars, website, latitude, longitude, feature)
VALUES ('test4', 4, 'test4', 1, 1, 'security')
2019-02-22 12:09:14,976 DEBUG [main] org.flywaydb.core.internal.sqlscript.SqlScript - Found statement at line 22: INSERT INTO "tour" (photo, date, duration, description, cost, tour_type, hotel_id, country_id)
VALUES ('test1.jpg', '12-12-2012', 12, 'description1', 505, 'guided', 1, 1)
2019-02-22 12:09:14,976 DEBUG [main] org.flywaydb.core.internal.sqlscript.SqlScript - Found statement at line 24: INSERT INTO "tour" (photo, date, duration, description, cost, tour_type, hotel_id, country_id)
VALUES ('test2.jpg', '12-12-2012', 12, 'description2', 505, 'guided', 2, 1)
2019-02-22 12:09:14,977 DEBUG [main] org.flywaydb.core.internal.sqlscript.SqlScript - Found statement at line 26: INSERT INTO "tour" (photo, date, duration, description, cost, tour_type, hotel_id, country_id)
VALUES ('test3.jpg', '12-12-2012', 12, 'description3', 505, 'guided', 3, 1)
2019-02-22 12:09:14,977 DEBUG [main] org.flywaydb.core.internal.sqlscript.SqlScript - Found statement at line 28: INSERT INTO "tour" (photo, date, duration, description, cost, tour_type, hotel_id, country_id)
VALUES ('test4.jpg', '12-12-2012', 12, 'description4', 505, 'guided', 4, 1)
2019-02-22 12:09:14,979 DEBUG [main] org.flywaydb.core.internal.sqlscript.SqlScript - Parsing V1__init_schema.sql ...
2019-02-22 12:09:14,980 DEBUG [main] org.flywaydb.core.internal.sqlscript.SqlScript - Found statement at line 1: CREATE TYPE TOUR_TYPE AS ENUM
  (
    'bus', 'sightseeing', 'shore_excursion',
    'adventure', 'sporting', 'cruise',
    'escorted', 'guided', 'rail', 'extreme'
    )
2019-02-22 12:09:14,980 DEBUG [main] org.flywaydb.core.internal.sqlscript.SqlScript - Found statement at line 8: CREATE TYPE HOTEL_FEATURE AS ENUM
  (
    'cleanliness', 'security', 'wi-fi', 'breakfast', 'parking', 'air_conditioning',
    'food_delivery', 'pool', 'conference_hall', 'safe'
    )
2019-02-22 12:09:14,981 DEBUG [main] org.flywaydb.core.internal.sqlscript.SqlScript - Found statement at line 16: CREATE TABLE IF NOT EXISTS "user"
(
  id       SERIAL,
  login    VARCHAR(255) UNIQUE NOT NULL,
  password VARCHAR(255)        NOT NULL,
  PRIMARY KEY (id)
)
2019-02-22 12:09:14,982 DEBUG [main] org.flywaydb.core.internal.sqlscript.SqlScript - Found statement at line 24: CREATE TABLE IF NOT EXISTS "hotel"
(
  id        SERIAL,
  name      VARCHAR(255)   NOT NULL,
  stars     SMALLINT       NOT NULL,
  website   VARCHAR(255)   NOT NULL,
  latitude  DECIMAL(8, 6)  NOT NULL,
  longitude DECIMAL(8, 6)  NOT NULL,
  feature   HOTEL_FEATURE NOT NULL,
  PRIMARY KEY (id)
)
2019-02-22 12:09:14,982 DEBUG [main] org.flywaydb.core.internal.sqlscript.SqlScript - Found statement at line 36: CREATE TABLE IF NOT EXISTS "country"
(
  id   SERIAL,
  name VARCHAR(255),
  PRIMARY KEY (id)
)
2019-02-22 12:09:14,983 DEBUG [main] org.flywaydb.core.internal.sqlscript.SqlScript - Found statement at line 43: CREATE TABLE IF NOT EXISTS "tour"
(
  id          SERIAL,
  photo       VARCHAR(255),
  date        DATE           NOT NULL,
  duration    INT            NOT NULL,
  description TEXT           NOT NULL,
  cost        DECIMAL(19, 3) NOT NULL,
  tour_type   TOUR_TYPE      NOT NULL,
  hotel_id    INT            NOT NULL,
  country_id  INT            NOT NULL,
  PRIMARY KEY (id),
  FOREIGN KEY (hotel_id) REFERENCES "hotel" (id),
  FOREIGN KEY (country_id) REFERENCES "country" (id)
)
2019-02-22 12:09:14,983 DEBUG [main] org.flywaydb.core.internal.sqlscript.SqlScript - Found statement at line 59: CREATE TABLE IF NOT EXISTS "usertour"
(
  user_id INT UNIQUE NOT NULL,
  tour_id INT UNIQUE NOT NULL,
  PRIMARY KEY (user_id, tour_id),
  FOREIGN KEY (user_id) REFERENCES "user" (id),
  FOREIGN KEY (tour_id) REFERENCES "tour" (id)
)
2019-02-22 12:09:14,984 DEBUG [main] org.flywaydb.core.internal.sqlscript.SqlScript - Found statement at line 68: CREATE TABLE IF NOT EXISTS "review"
(
  id      SERIAL,
  date    DATE NOT NULL,
  text    TEXT NOT NULL,
  user_id INT  NOT NULL,
  tour_id INT  NOT NULL,
  PRIMARY KEY (id),
  FOREIGN KEY (user_id) REFERENCES "user" (id),
  FOREIGN KEY (tour_id) REFERENCES "tour" (id)
)
2019-02-22 12:09:14,985 DEBUG [main] org.flywaydb.core.internal.scanner.Scanner - Filtering out resource: db/migration/V1_1__init_data.sql (filename: V1_1__init_data.sql)
2019-02-22 12:09:14,985 DEBUG [main] org.flywaydb.core.internal.scanner.Scanner - Filtering out resource: db/migration/V1__init_schema.sql (filename: V1__init_schema.sql)
2019-02-22 12:09:14,991 INFO  [main] org.flywaydb.core.internal.command.DbValidate - Successfully validated 2 migrations (execution time 00:00.025s)
2019-02-22 12:09:14,993 DEBUG [main] org.flywaydb.core.internal.command.DbSchemas - Schema "public" already exists. Skipping schema creation.
2019-02-22 12:09:15,003 INFO  [main] org.flywaydb.core.internal.schemahistory.JdbcTableSchemaHistory - Creating Schema History table: "public"."flyway_schema_history"
2019-02-22 12:09:15,004 DEBUG [main] org.flywaydb.core.internal.sqlscript.SqlScript - Parsing createMetaDataTable.sql ...
2019-02-22 12:09:15,006 DEBUG [main] org.flywaydb.core.internal.sqlscript.SqlScript - Found statement at line 17: CREATE TABLE "public"."flyway_schema_history" (
    "installed_rank" INT NOT NULL,
    "version" VARCHAR(50),
    "description" VARCHAR(200) NOT NULL,
    "type" VARCHAR(20) NOT NULL,
    "script" VARCHAR(1000) NOT NULL,
    "checksum" INTEGER,
    "installed_by" VARCHAR(100) NOT NULL,
    "installed_on" TIMESTAMP NOT NULL DEFAULT now(),
    "execution_time" INTEGER NOT NULL,
    "success" BOOLEAN NOT NULL
)
2019-02-22 12:09:15,006 DEBUG [main] org.flywaydb.core.internal.sqlscript.SqlScript - Found statement at line 29: ALTER TABLE "public"."flyway_schema_history" ADD CONSTRAINT "flyway_schema_history_pk" PRIMARY KEY ("installed_rank")
2019-02-22 12:09:15,006 DEBUG [main] org.flywaydb.core.internal.sqlscript.SqlScript - Found statement at line 31: CREATE INDEX "flyway_schema_history_s_idx" ON "public"."flyway_schema_history" ("success")
2019-02-22 12:09:15,007 DEBUG [main] org.flywaydb.core.internal.sqlscript.DefaultSqlScriptExecutor - Executing SQL: CREATE TABLE "public"."flyway_schema_history" (
    "installed_rank" INT NOT NULL,
    "version" VARCHAR(50),
    "description" VARCHAR(200) NOT NULL,
    "type" VARCHAR(20) NOT NULL,
    "script" VARCHAR(1000) NOT NULL,
    "checksum" INTEGER,
    "installed_by" VARCHAR(100) NOT NULL,
    "installed_on" TIMESTAMP NOT NULL DEFAULT now(),
    "execution_time" INTEGER NOT NULL,
    "success" BOOLEAN NOT NULL
)
2019-02-22 12:09:15,022 DEBUG [main] org.flywaydb.core.internal.sqlscript.DefaultSqlScriptExecutor - Update Count: 0
2019-02-22 12:09:15,023 DEBUG [main] org.flywaydb.core.internal.sqlscript.DefaultSqlScriptExecutor - Executing SQL: ALTER TABLE "public"."flyway_schema_history" ADD CONSTRAINT "flyway_schema_history_pk" PRIMARY KEY ("installed_rank")
2019-02-22 12:09:15,028 DEBUG [main] org.flywaydb.core.internal.sqlscript.DefaultSqlScriptExecutor - Update Count: 0
2019-02-22 12:09:15,028 DEBUG [main] org.flywaydb.core.internal.sqlscript.DefaultSqlScriptExecutor - Executing SQL: CREATE INDEX "flyway_schema_history_s_idx" ON "public"."flyway_schema_history" ("success")
2019-02-22 12:09:15,031 DEBUG [main] org.flywaydb.core.internal.sqlscript.DefaultSqlScriptExecutor - Update Count: 0
2019-02-22 12:09:15,032 DEBUG [main] org.flywaydb.core.internal.schemahistory.JdbcTableSchemaHistory - Created Schema History table: "public"."flyway_schema_history"
2019-02-22 12:09:15,039 INFO  [main] org.flywaydb.core.internal.command.DbMigrate - Current version of schema "public": << Empty Schema >>
2019-02-22 12:09:15,040 INFO  [main] org.flywaydb.core.internal.command.DbMigrate - Migrating schema "public" to version 1 - init schema
2019-02-22 12:09:15,042 DEBUG [main] org.flywaydb.core.internal.sqlscript.DefaultSqlScriptExecutor - Executing SQL: CREATE TYPE TOUR_TYPE AS ENUM
  (
    'bus', 'sightseeing', 'shore_excursion',
    'adventure', 'sporting', 'cruise',
    'escorted', 'guided', 'rail', 'extreme'
    )
2019-02-22 12:09:15,045 DEBUG [main] org.flywaydb.core.internal.sqlscript.DefaultSqlScriptExecutor - Update Count: 0
2019-02-22 12:09:15,045 DEBUG [main] org.flywaydb.core.internal.sqlscript.DefaultSqlScriptExecutor - Executing SQL: CREATE TYPE HOTEL_FEATURE AS ENUM
  (
    'cleanliness', 'security', 'wi-fi', 'breakfast', 'parking', 'air_conditioning',
    'food_delivery', 'pool', 'conference_hall', 'safe'
    )
2019-02-22 12:09:15,046 DEBUG [main] org.flywaydb.core.internal.sqlscript.DefaultSqlScriptExecutor - Update Count: 0
2019-02-22 12:09:15,046 DEBUG [main] org.flywaydb.core.internal.sqlscript.DefaultSqlScriptExecutor - Executing SQL: CREATE TABLE IF NOT EXISTS "user"
(
  id       SERIAL,
  login    VARCHAR(255) UNIQUE NOT NULL,
  password VARCHAR(255)        NOT NULL,
  PRIMARY KEY (id)
)
2019-02-22 12:09:15,059 DEBUG [main] org.flywaydb.core.internal.sqlscript.DefaultSqlScriptExecutor - Update Count: 0
2019-02-22 12:09:15,059 DEBUG [main] org.flywaydb.core.internal.sqlscript.DefaultSqlScriptExecutor - Executing SQL: CREATE TABLE IF NOT EXISTS "hotel"
(
  id        SERIAL,
  name      VARCHAR(255)   NOT NULL,
  stars     SMALLINT       NOT NULL,
  website   VARCHAR(255)   NOT NULL,
  latitude  DECIMAL(8, 6)  NOT NULL,
  longitude DECIMAL(8, 6)  NOT NULL,
  feature   HOTEL_FEATURE NOT NULL,
  PRIMARY KEY (id)
)
2019-02-22 12:09:15,068 DEBUG [main] org.flywaydb.core.internal.sqlscript.DefaultSqlScriptExecutor - Update Count: 0
2019-02-22 12:09:15,068 DEBUG [main] org.flywaydb.core.internal.sqlscript.DefaultSqlScriptExecutor - Executing SQL: CREATE TABLE IF NOT EXISTS "country"
(
  id   SERIAL,
  name VARCHAR(255),
  PRIMARY KEY (id)
)
2019-02-22 12:09:15,074 DEBUG [main] org.flywaydb.core.internal.sqlscript.DefaultSqlScriptExecutor - Update Count: 0
2019-02-22 12:09:15,074 DEBUG [main] org.flywaydb.core.internal.sqlscript.DefaultSqlScriptExecutor - Executing SQL: CREATE TABLE IF NOT EXISTS "tour"
(
  id          SERIAL,
  photo       VARCHAR(255),
  date        DATE           NOT NULL,
  duration    INT            NOT NULL,
  description TEXT           NOT NULL,
  cost        DECIMAL(19, 3) NOT NULL,
  tour_type   TOUR_TYPE      NOT NULL,
  hotel_id    INT            NOT NULL,
  country_id  INT            NOT NULL,
  PRIMARY KEY (id),
  FOREIGN KEY (hotel_id) REFERENCES "hotel" (id),
  FOREIGN KEY (country_id) REFERENCES "country" (id)
)
2019-02-22 12:09:15,086 DEBUG [main] org.flywaydb.core.internal.sqlscript.DefaultSqlScriptExecutor - Update Count: 0
2019-02-22 12:09:15,086 DEBUG [main] org.flywaydb.core.internal.sqlscript.DefaultSqlScriptExecutor - Executing SQL: CREATE TABLE IF NOT EXISTS "usertour"
(
  user_id INT UNIQUE NOT NULL,
  tour_id INT UNIQUE NOT NULL,
  PRIMARY KEY (user_id, tour_id),
  FOREIGN KEY (user_id) REFERENCES "user" (id),
  FOREIGN KEY (tour_id) REFERENCES "tour" (id)
)
2019-02-22 12:09:15,097 DEBUG [main] org.flywaydb.core.internal.sqlscript.DefaultSqlScriptExecutor - Update Count: 0
2019-02-22 12:09:15,097 DEBUG [main] org.flywaydb.core.internal.sqlscript.DefaultSqlScriptExecutor - Executing SQL: CREATE TABLE IF NOT EXISTS "review"
(
  id      SERIAL,
  date    DATE NOT NULL,
  text    TEXT NOT NULL,
  user_id INT  NOT NULL,
  tour_id INT  NOT NULL,
  PRIMARY KEY (id),
  FOREIGN KEY (user_id) REFERENCES "user" (id),
  FOREIGN KEY (tour_id) REFERENCES "tour" (id)
)
2019-02-22 12:09:15,107 DEBUG [main] org.flywaydb.core.internal.sqlscript.DefaultSqlScriptExecutor - Update Count: 0
2019-02-22 12:09:15,107 DEBUG [main] org.flywaydb.core.internal.command.DbMigrate - Successfully completed migration of schema "public" to version 1 - init schema
2019-02-22 12:09:15,112 DEBUG [main] org.flywaydb.core.internal.schemahistory.JdbcTableSchemaHistory - Schema History table "public"."flyway_schema_history" successfully updated to reflect changes
2019-02-22 12:09:15,117 INFO  [main] org.flywaydb.core.internal.command.DbMigrate - Migrating schema "public" to version 1.1 - init data
2019-02-22 12:09:15,118 DEBUG [main] org.flywaydb.core.internal.sqlscript.DefaultSqlScriptExecutor - Executing SQL: INSERT INTO "user" (login, password)
VALUES ('user1', 'user1')
2019-02-22 12:09:15,120 DEBUG [main] org.flywaydb.core.internal.sqlscript.DefaultSqlScriptExecutor - Update Count: 1
2019-02-22 12:09:15,120 DEBUG [main] org.flywaydb.core.internal.sqlscript.DefaultSqlScriptExecutor - Executing SQL: INSERT INTO "user" (login, password)
VALUES ('user2', 'user2')
2019-02-22 12:09:15,121 DEBUG [main] org.flywaydb.core.internal.sqlscript.DefaultSqlScriptExecutor - Update Count: 1
2019-02-22 12:09:15,121 DEBUG [main] org.flywaydb.core.internal.sqlscript.DefaultSqlScriptExecutor - Executing SQL: INSERT INTO "user" (login, password)
VALUES ('user3', 'user3')
2019-02-22 12:09:15,121 DEBUG [main] org.flywaydb.core.internal.sqlscript.DefaultSqlScriptExecutor - Update Count: 1
2019-02-22 12:09:15,121 DEBUG [main] org.flywaydb.core.internal.sqlscript.DefaultSqlScriptExecutor - Executing SQL: INSERT INTO "user" (login, password)
VALUES ('user4', 'user4')
2019-02-22 12:09:15,121 DEBUG [main] org.flywaydb.core.internal.sqlscript.DefaultSqlScriptExecutor - Update Count: 1
2019-02-22 12:09:15,121 DEBUG [main] org.flywaydb.core.internal.sqlscript.DefaultSqlScriptExecutor - Executing SQL: INSERT INTO "country" (name)
VALUES ('testCountry')
2019-02-22 12:09:15,123 DEBUG [main] org.flywaydb.core.internal.sqlscript.DefaultSqlScriptExecutor - Update Count: 1
2019-02-22 12:09:15,123 DEBUG [main] org.flywaydb.core.internal.sqlscript.DefaultSqlScriptExecutor - Executing SQL: INSERT INTO "hotel" (name, stars, website, latitude, longitude, feature)
VALUES ('test1', 4, 'test1', 1, 1, 'security')
2019-02-22 12:09:15,125 DEBUG [main] org.flywaydb.core.internal.sqlscript.DefaultSqlScriptExecutor - Update Count: 1
2019-02-22 12:09:15,125 DEBUG [main] org.flywaydb.core.internal.sqlscript.DefaultSqlScriptExecutor - Executing SQL: INSERT INTO "hotel" (name, stars, website, latitude, longitude, feature)
VALUES ('test2', 4, 'test2', 1, 1, 'security')
2019-02-22 12:09:15,125 DEBUG [main] org.flywaydb.core.internal.sqlscript.DefaultSqlScriptExecutor - Update Count: 1
2019-02-22 12:09:15,125 DEBUG [main] org.flywaydb.core.internal.sqlscript.DefaultSqlScriptExecutor - Executing SQL: INSERT INTO "hotel" (name, stars, website, latitude, longitude, feature)
VALUES ('test3', 4, 'test3', 1, 1, 'security')
2019-02-22 12:09:15,125 DEBUG [main] org.flywaydb.core.internal.sqlscript.DefaultSqlScriptExecutor - Update Count: 1
2019-02-22 12:09:15,125 DEBUG [main] org.flywaydb.core.internal.sqlscript.DefaultSqlScriptExecutor - Executing SQL: INSERT INTO "hotel" (name, stars, website, latitude, longitude, feature)
VALUES ('test4', 4, 'test4', 1, 1, 'security')
2019-02-22 12:09:15,126 DEBUG [main] org.flywaydb.core.internal.sqlscript.DefaultSqlScriptExecutor - Update Count: 1
2019-02-22 12:09:15,126 DEBUG [main] org.flywaydb.core.internal.sqlscript.DefaultSqlScriptExecutor - Executing SQL: INSERT INTO "tour" (photo, date, duration, description, cost, tour_type, hotel_id, country_id)
VALUES ('test1.jpg', '12-12-2012', 12, 'description1', 505, 'guided', 1, 1)
2019-02-22 12:09:15,128 DEBUG [main] org.flywaydb.core.internal.sqlscript.DefaultSqlScriptExecutor - Update Count: 1
2019-02-22 12:09:15,128 DEBUG [main] org.flywaydb.core.internal.sqlscript.DefaultSqlScriptExecutor - Executing SQL: INSERT INTO "tour" (photo, date, duration, description, cost, tour_type, hotel_id, country_id)
VALUES ('test2.jpg', '12-12-2012', 12, 'description2', 505, 'guided', 2, 1)
2019-02-22 12:09:15,128 DEBUG [main] org.flywaydb.core.internal.sqlscript.DefaultSqlScriptExecutor - Update Count: 1
2019-02-22 12:09:15,128 DEBUG [main] org.flywaydb.core.internal.sqlscript.DefaultSqlScriptExecutor - Executing SQL: INSERT INTO "tour" (photo, date, duration, description, cost, tour_type, hotel_id, country_id)
VALUES ('test3.jpg', '12-12-2012', 12, 'description3', 505, 'guided', 3, 1)
2019-02-22 12:09:15,128 DEBUG [main] org.flywaydb.core.internal.sqlscript.DefaultSqlScriptExecutor - Update Count: 1
2019-02-22 12:09:15,129 DEBUG [main] org.flywaydb.core.internal.sqlscript.DefaultSqlScriptExecutor - Executing SQL: INSERT INTO "tour" (photo, date, duration, description, cost, tour_type, hotel_id, country_id)
VALUES ('test4.jpg', '12-12-2012', 12, 'description4', 505, 'guided', 4, 1)
2019-02-22 12:09:15,129 DEBUG [main] org.flywaydb.core.internal.sqlscript.DefaultSqlScriptExecutor - Update Count: 1
2019-02-22 12:09:15,129 DEBUG [main] org.flywaydb.core.internal.command.DbMigrate - Successfully completed migration of schema "public" to version 1.1 - init data
2019-02-22 12:09:15,131 DEBUG [main] org.flywaydb.core.internal.schemahistory.JdbcTableSchemaHistory - Schema History table "public"."flyway_schema_history" successfully updated to reflect changes
2019-02-22 12:09:15,133 INFO  [main] org.flywaydb.core.internal.command.DbMigrate - Successfully applied 2 migrations to schema "public" (execution time 00:00.131s)
2019-02-22 12:09:15,135 DEBUG [main] org.flywaydb.core.Flyway - Memory usage: 13 of 256M
2019-02-22 12:09:16,425 WARN  [main] org.flywaydb.core.Flyway - Direct configuration of the Flyway object has been deprecated and will be removed in Flyway 6.0. Use Flyway.configure() instead.
2019-02-22 12:09:16,968 WARN  [main] org.flywaydb.core.Flyway - Direct configuration of the Flyway object has been deprecated and will be removed in Flyway 6.0. Use Flyway.configure() instead.
